<?xml version="1.0" encoding="UTF-8"?>
<testng-results skipped="0" failed="1" ignored="0" total="1" passed="0">
  <reporter-output>
    <line>
      <![CDATA[Setting up of test begins]]>
    </line>
    <line>
      <![CDATA[Setting up done]]>
    </line>
    <line>
      <![CDATA[Application is going to be launched]]>
    </line>
    <line>
      <![CDATA[Application is launched]]>
    </line>
    <line>
      <![CDATA[extracting locators]]>
    </line>
    <line>
      <![CDATA[extracted locators]]>
    </line>
    <line>
      <![CDATA[Test results will be assessed ]]>
    </line>
    <line>
      <![CDATA[Test completed >>> ReportGenerated ]]>
    </line>
  </reporter-output>
  <suite name="Default suite" duration-ms="52573" started-at="2022-02-07T18:52:51Z" finished-at="2022-02-07T18:53:44Z">
    <groups>
    </groups>
    <test name="Default test" duration-ms="52573" started-at="2022-02-07T18:52:51Z" finished-at="2022-02-07T18:53:44Z">
      <class name="com.Learnframework.Test.LoginTestCRM">
        <test-method status="PASS" signature="setupSuite()[pri:0, instance:com.Learnframework.Test.LoginTestCRM@604ed9f0]" name="setupSuite" is-config="true" duration-ms="511" started-at="2022-02-07T18:52:51Z" finished-at="2022-02-07T18:52:51Z">
          <reporter-output>
            <line>
              <![CDATA[Setting up of test begins]]>
            </line>
            <line>
              <![CDATA[Setting up done]]>
            </line>
          </reporter-output>
        </test-method> <!-- setupSuite -->
        <test-method status="PASS" signature="setup()[pri:0, instance:com.Learnframework.Test.LoginTestCRM@604ed9f0]" name="setup" is-config="true" duration-ms="14102" started-at="2022-02-07T18:52:51Z" finished-at="2022-02-07T18:53:05Z">
          <reporter-output>
            <line>
              <![CDATA[Application is going to be launched]]>
            </line>
            <line>
              <![CDATA[Application is launched]]>
            </line>
          </reporter-output>
        </test-method> <!-- setup -->
        <test-method status="FAIL" signature="LoginAPP()[pri:0, instance:com.Learnframework.Test.LoginTestCRM@604ed9f0]" name="LoginAPP" duration-ms="37118" started-at="2022-02-07T18:53:05Z" finished-at="2022-02-07T18:53:43Z">
          <exception class="org.openqa.selenium.NoSuchElementException">
            <message>
              <![CDATA[no such element: Unable to locate element: {"method":"css selector","selector":"*[name='passwor']"}
  (Session info: chrome=79.0.3945.130)
For documentation on this error, please visit: https://www.seleniumhq.org/exceptions/no_such_element.html
Build info: version: '3.141.59', revision: 'e82be7d358', time: '2018-11-14T08:17:03'
System info: host: 'DESKTOP-OGFP2DL', ip: '192.168.178.64', os.name: 'Windows 10', os.arch: 'amd64', os.version: '10.0', java.version: '1.8.0_201'
Driver info: org.openqa.selenium.chrome.ChromeDriver
Capabilities {acceptInsecureCerts: false, browserName: chrome, browserVersion: 79.0.3945.130, chrome: {chromedriverVersion: 79.0.3945.36 (3582db32b3389..., userDataDir: C:\Users\MD\AppData\Local\T...}, goog:chromeOptions: {debuggerAddress: localhost:54884}, javascriptEnabled: true, networkConnectionEnabled: false, pageLoadStrategy: normal, platform: WINDOWS, platformName: WINDOWS, proxy: Proxy(), setWindowRect: true, strictFileInteractability: false, timeouts: {implicit: 0, pageLoad: 300000, script: 30000}, unhandledPromptBehavior: dismiss and notify}
Session ID: 45124c0435631f86be2f99a7cf3b74cf
*** Element info: {Using=name, value=passwor}]]>
            </message>
            <full-stacktrace>
              <![CDATA[org.openqa.selenium.NoSuchElementException: no such element: Unable to locate element: {"method":"css selector","selector":"*[name='passwor']"}
  (Session info: chrome=79.0.3945.130)
For documentation on this error, please visit: https://www.seleniumhq.org/exceptions/no_such_element.html
Build info: version: '3.141.59', revision: 'e82be7d358', time: '2018-11-14T08:17:03'
System info: host: 'DESKTOP-OGFP2DL', ip: '192.168.178.64', os.name: 'Windows 10', os.arch: 'amd64', os.version: '10.0', java.version: '1.8.0_201'
Driver info: org.openqa.selenium.chrome.ChromeDriver
Capabilities {acceptInsecureCerts: false, browserName: chrome, browserVersion: 79.0.3945.130, chrome: {chromedriverVersion: 79.0.3945.36 (3582db32b3389..., userDataDir: C:\Users\MD\AppData\Local\T...}, goog:chromeOptions: {debuggerAddress: localhost:54884}, javascriptEnabled: true, networkConnectionEnabled: false, pageLoadStrategy: normal, platform: WINDOWS, platformName: WINDOWS, proxy: Proxy(), setWindowRect: true, strictFileInteractability: false, timeouts: {implicit: 0, pageLoad: 300000, script: 30000}, unhandledPromptBehavior: dismiss and notify}
Session ID: 45124c0435631f86be2f99a7cf3b74cf
*** Element info: {Using=name, value=passwor}
at sun.reflect.NativeConstructorAccessorImpl.newInstance0(Native Method)
at sun.reflect.NativeConstructorAccessorImpl.newInstance(Unknown Source)
at sun.reflect.DelegatingConstructorAccessorImpl.newInstance(Unknown Source)
at java.lang.reflect.Constructor.newInstance(Unknown Source)
at org.openqa.selenium.remote.http.W3CHttpResponseCodec.createException(W3CHttpResponseCodec.java:187)
at org.openqa.selenium.remote.http.W3CHttpResponseCodec.decode(W3CHttpResponseCodec.java:122)
at org.openqa.selenium.remote.http.W3CHttpResponseCodec.decode(W3CHttpResponseCodec.java:49)
at org.openqa.selenium.remote.HttpCommandExecutor.execute(HttpCommandExecutor.java:158)
at org.openqa.selenium.remote.service.DriverCommandExecutor.execute(DriverCommandExecutor.java:83)
at org.openqa.selenium.remote.RemoteWebDriver.execute(RemoteWebDriver.java:552)
at org.openqa.selenium.remote.RemoteWebDriver.findElement(RemoteWebDriver.java:323)
at org.openqa.selenium.remote.RemoteWebDriver.findElementByName(RemoteWebDriver.java:404)
at org.openqa.selenium.By$ByName.findElement(By.java:284)
at org.openqa.selenium.remote.RemoteWebDriver.findElement(RemoteWebDriver.java:315)
at org.openqa.selenium.support.pagefactory.DefaultElementLocator.findElement(DefaultElementLocator.java:69)
at org.openqa.selenium.support.pagefactory.internal.LocatingElementHandler.invoke(LocatingElementHandler.java:38)
at com.sun.proxy.$Proxy11.sendKeys(Unknown Source)
at com.Learnframework.pages.LoginPagePF.clicklogin(LoginPagePF.java:37)
at com.Learnframework.Test.LoginTestCRM.LoginAPP(LoginTestCRM.java:38)
at sun.reflect.NativeMethodAccessorImpl.invoke0(Native Method)
at sun.reflect.NativeMethodAccessorImpl.invoke(Unknown Source)
at sun.reflect.DelegatingMethodAccessorImpl.invoke(Unknown Source)
at java.lang.reflect.Method.invoke(Unknown Source)
at org.testng.internal.MethodInvocationHelper.invokeMethod(MethodInvocationHelper.java:124)
at org.testng.internal.Invoker.invokeMethod(Invoker.java:583)
at org.testng.internal.Invoker.invokeTestMethod(Invoker.java:719)
at org.testng.internal.Invoker.invokeTestMethods(Invoker.java:989)
at org.testng.internal.TestMethodWorker.invokeTestMethods(TestMethodWorker.java:125)
at org.testng.internal.TestMethodWorker.run(TestMethodWorker.java:109)
at org.testng.TestRunner.privateRun(TestRunner.java:648)
at org.testng.TestRunner.run(TestRunner.java:505)
at org.testng.SuiteRunner.runTest(SuiteRunner.java:455)
at org.testng.SuiteRunner.runSequentially(SuiteRunner.java:450)
at org.testng.SuiteRunner.privateRun(SuiteRunner.java:415)
at org.testng.SuiteRunner.run(SuiteRunner.java:364)
at org.testng.SuiteRunnerWorker.runSuite(SuiteRunnerWorker.java:52)
at org.testng.SuiteRunnerWorker.run(SuiteRunnerWorker.java:84)
at org.testng.TestNG.runSuitesSequentially(TestNG.java:1208)
at org.testng.TestNG.runSuitesLocally(TestNG.java:1137)
at org.testng.TestNG.runSuites(TestNG.java:1049)
at org.testng.TestNG.run(TestNG.java:1017)
at org.testng.remote.AbstractRemoteTestNG.run(AbstractRemoteTestNG.java:114)
at org.testng.remote.RemoteTestNG.initAndRun(RemoteTestNG.java:251)
at org.testng.remote.RemoteTestNG.main(RemoteTestNG.java:77)
]]>
            </full-stacktrace>
          </exception> <!-- org.openqa.selenium.NoSuchElementException -->
          <reporter-output>
            <line>
              <![CDATA[extracting locators]]>
            </line>
            <line>
              <![CDATA[extracted locators]]>
            </line>
          </reporter-output>
        </test-method> <!-- LoginAPP -->
        <test-method status="PASS" signature="teardownMethod(org.testng.ITestResult)[pri:0, instance:com.Learnframework.Test.LoginTestCRM@604ed9f0]" name="teardownMethod" is-config="true" duration-ms="648" started-at="2022-02-07T18:53:43Z" finished-at="2022-02-07T18:53:43Z">
          <params>
            <param index="0">
              <value>
                <![CDATA[[TestResult name=LoginAPP status=FAILURE method=LoginTestCRM.LoginAPP()[pri:0, instance:com.Learnframework.Test.LoginTestCRM@604ed9f0] output=extracting locators]]]>
              </value>
            </param>
          </params>
          <reporter-output>
            <line>
              <![CDATA[Test results will be assessed ]]>
            </line>
            <line>
              <![CDATA[Test completed >>> ReportGenerated ]]>
            </line>
          </reporter-output>
        </test-method> <!-- teardownMethod -->
        <test-method status="PASS" signature="teardown()[pri:0, instance:com.Learnframework.Test.LoginTestCRM@604ed9f0]" name="teardown" is-config="true" duration-ms="683" started-at="2022-02-07T18:53:43Z" finished-at="2022-02-07T18:53:44Z">
          <reporter-output>
          </reporter-output>
        </test-method> <!-- teardown -->
      </class> <!-- com.Learnframework.Test.LoginTestCRM -->
    </test> <!-- Default test -->
  </suite> <!-- Default suite -->
</testng-results>
